<?xml version="1.0" encoding="UTF-8"?>
<!-- Generated by org.testng.reporters.JUnitXMLReporter -->
<testsuite hostname="Siddhi-Lap" ignored="0" name="All combine group Suite" tests="1" failures="1" timestamp="2020-05-06T18:40:27 IST" time="0.096" errors="0">
  <testcase name="googleSearchDT" time="0.053" classname="com.practice.test.DesktopGoogleSearch">
    <failure type="java.lang.NullPointerException">
      <![CDATA[java.lang.NullPointerException
at com.practice.test.DesktopGoogleSearch.googleSearchDT(DesktopGoogleSearch.java:22)
at java.util.concurrent.ThreadPoolExecutor.runWorker(Unknown Source)
at java.util.concurrent.ThreadPoolExecutor$Worker.run(Unknown Source)
at java.lang.Thread.run(Unknown Source)
... Removed 12 stack frames]]>
    </failure>
  </testcase> <!-- googleSearchDT -->
</testsuite> <!-- All combine group Suite -->
