<?xml version="1.0" encoding="UTF-8"?>
<testng-results skipped="0" failed="0" ignored="0" total="0" passed="0">
  <reporter-output>
  </reporter-output>
  <suite name="com.practice.common.BaseTest" duration-ms="8" started-at="2020-05-06T16:59:14 IST" finished-at="2020-05-06T16:59:14 IST">
    <groups>
    </groups>
    <test name="Command line test" duration-ms="8" started-at="2020-05-06T16:59:14 IST" finished-at="2020-05-06T16:59:14 IST">
    </test> <!-- Command line test -->
  </suite> <!-- com.practice.common.BaseTest -->
</testng-results>
