<?xml version="1.0" encoding="UTF-8"?>
<testng-results skipped="0" failed="1" ignored="0" total="1" passed="0">
  <reporter-output>
  </reporter-output>
  <suite name="Suite" duration-ms="96" started-at="2020-05-06T18:40:27 IST" finished-at="2020-05-06T18:40:27 IST">
    <groups>
      <group name="DesktopWeb">
        <method signature="DesktopGoogleSearch.googleSearchDT()[pri:0, instance:com.practice.test.DesktopGoogleSearch@69b0fd6f]" name="googleSearchDT" class="com.practice.test.DesktopGoogleSearch"/>
      </group> <!-- DesktopWeb -->
    </groups>
    <test name="All combine group Suite" duration-ms="96" started-at="2020-05-06T18:40:27 IST" finished-at="2020-05-06T18:40:27 IST">
      <class name="com.practice.test.DesktopGoogleSearch">
        <test-method status="FAIL" signature="googleSearchDT()[pri:0, instance:com.practice.test.DesktopGoogleSearch@69b0fd6f]" name="googleSearchDT" duration-ms="53" started-at="2020-05-06T18:40:27 IST" finished-at="2020-05-06T18:40:27 IST">
          <exception class="java.lang.NullPointerException">
            <full-stacktrace>
              <![CDATA[java.lang.NullPointerException
at com.practice.test.DesktopGoogleSearch.googleSearchDT(DesktopGoogleSearch.java:22)
at sun.reflect.NativeMethodAccessorImpl.invoke0(Native Method)
at sun.reflect.NativeMethodAccessorImpl.invoke(Unknown Source)
at sun.reflect.DelegatingMethodAccessorImpl.invoke(Unknown Source)
at java.lang.reflect.Method.invoke(Unknown Source)
at org.testng.internal.MethodInvocationHelper.invokeMethod(MethodInvocationHelper.java:134)
at org.testng.internal.TestInvoker.invokeMethod(TestInvoker.java:597)
at org.testng.internal.TestInvoker.invokeTestMethod(TestInvoker.java:173)
at org.testng.internal.MethodRunner.runInSequence(MethodRunner.java:46)
at org.testng.internal.TestInvoker$MethodInvocationAgent.invoke(TestInvoker.java:816)
at org.testng.internal.TestInvoker.invokeTestMethods(TestInvoker.java:146)
at org.testng.internal.TestMethodWorker.invokeTestMethods(TestMethodWorker.java:146)
at org.testng.internal.TestMethodWorker.run(TestMethodWorker.java:128)
at java.util.concurrent.ThreadPoolExecutor.runWorker(Unknown Source)
at java.util.concurrent.ThreadPoolExecutor$Worker.run(Unknown Source)
at java.lang.Thread.run(Unknown Source)
]]>
            </full-stacktrace>
          </exception> <!-- java.lang.NullPointerException -->
          <reporter-output>
          </reporter-output>
        </test-method> <!-- googleSearchDT -->
      </class> <!-- com.practice.test.DesktopGoogleSearch -->
    </test> <!-- All combine group Suite -->
  </suite> <!-- Suite -->
</testng-results>
