<?xml version="1.0" encoding="UTF-8"?>
<testng-results skipped="0" failed="0" ignored="0" total="1" passed="1">
  <reporter-output>
  </reporter-output>
  <suite name="Default suite" duration-ms="36258" started-at="2020-05-06T16:40:55 IST" finished-at="2020-05-06T16:41:31 IST">
    <groups>
    </groups>
    <test name="Default test" duration-ms="36258" started-at="2020-05-06T16:40:55 IST" finished-at="2020-05-06T16:41:31 IST">
      <class name="com.practice.test.DesktopGoogleSearch">
        <test-method status="PASS" signature="setup()[pri:0, instance:com.practice.test.DesktopGoogleSearch@63440df3]" name="setup" is-config="true" duration-ms="3395" started-at="2020-05-06T16:40:55 IST" finished-at="2020-05-06T16:40:58 IST">
          <reporter-output>
          </reporter-output>
        </test-method> <!-- setup -->
        <test-method status="PASS" signature="googleSearchDT()[pri:0, instance:com.practice.test.DesktopGoogleSearch@63440df3]" name="googleSearchDT" duration-ms="32005" started-at="2020-05-06T16:40:58 IST" finished-at="2020-05-06T16:41:30 IST">
          <reporter-output>
          </reporter-output>
        </test-method> <!-- googleSearchDT -->
        <test-method status="PASS" signature="tearDown()[pri:0, instance:com.practice.test.DesktopGoogleSearch@63440df3]" name="tearDown" is-config="true" duration-ms="806" started-at="2020-05-06T16:41:30 IST" finished-at="2020-05-06T16:41:31 IST">
          <reporter-output>
          </reporter-output>
        </test-method> <!-- tearDown -->
      </class> <!-- com.practice.test.DesktopGoogleSearch -->
    </test> <!-- Default test -->
  </suite> <!-- Default suite -->
</testng-results>
